Performing C SOURCE FILE Test CMAKE_HAVE_LIBC_PTHREAD failed with the following output:
Change Dir: /home/k06/Desktop/23E/build/CMakeFiles/CMakeTmp

Run Build Command(s):/usr/bin/make -f Makefile cmTC_82ad5/fast && /usr/bin/make  -f CMakeFiles/cmTC_82ad5.dir/build.make CMakeFiles/cmTC_82ad5.dir/build
make[1]: Entering directory '/home/k06/Desktop/23E/build/CMakeFiles/CMakeTmp'
Building C object CMakeFiles/cmTC_82ad5.dir/src.c.o
/usr/bin/cc -DCMAKE_HAVE_LIBC_PTHREAD   -o CMakeFiles/cmTC_82ad5.dir/src.c.o -c /home/k06/Desktop/23E/build/CMakeFiles/CMakeTmp/src.c
Linking C executable cmTC_82ad5
/usr/bin/cmake -E cmake_link_script CMakeFiles/cmTC_82ad5.dir/link.txt --verbose=1
/usr/bin/cc CMakeFiles/cmTC_82ad5.dir/src.c.o -o cmTC_82ad5 
CMakeFiles/cmTC_82ad5.dir/src.c.o: In function `main':
src.c:(.text+0x48): undefined reference to `pthread_create'
src.c:(.text+0x50): undefined reference to `pthread_detach'
src.c:(.text+0x58): undefined reference to `pthread_cancel'
src.c:(.text+0x64): undefined reference to `pthread_join'
src.c:(.text+0x74): undefined reference to `pthread_atfork'
collect2: error: ld returned 1 exit status
CMakeFiles/cmTC_82ad5.dir/build.make:98: recipe for target 'cmTC_82ad5' failed
make[1]: *** [cmTC_82ad5] Error 1
make[1]: Leaving directory '/home/k06/Desktop/23E/build/CMakeFiles/CMakeTmp'
Makefile:127: recipe for target 'cmTC_82ad5/fast' failed
make: *** [cmTC_82ad5/fast] Error 2


Source file was:
#include <pthread.h>

static void* test_func(void* data)
{
  return data;
}

int main(void)
{
  pthread_t thread;
  pthread_create(&thread, NULL, test_func, NULL);
  pthread_detach(thread);
  pthread_cancel(thread);
  pthread_join(thread, NULL);
  pthread_atfork(NULL, NULL, NULL);
  pthread_exit(NULL);

  return 0;
}

Determining if the function pthread_create exists in the pthreads failed with the following output:
Change Dir: /home/k06/Desktop/23E/build/CMakeFiles/CMakeTmp

Run Build Command(s):/usr/bin/make -f Makefile cmTC_38546/fast && /usr/bin/make  -f CMakeFiles/cmTC_38546.dir/build.make CMakeFiles/cmTC_38546.dir/build
make[1]: Entering directory '/home/k06/Desktop/23E/build/CMakeFiles/CMakeTmp'
Building C object CMakeFiles/cmTC_38546.dir/CheckFunctionExists.c.o
/usr/bin/cc   -DCHECK_FUNCTION_EXISTS=pthread_create -o CMakeFiles/cmTC_38546.dir/CheckFunctionExists.c.o -c /usr/share/cmake-3.23/Modules/CheckFunctionExists.c
Linking C executable cmTC_38546
/usr/bin/cmake -E cmake_link_script CMakeFiles/cmTC_38546.dir/link.txt --verbose=1
/usr/bin/cc  -DCHECK_FUNCTION_EXISTS=pthread_create CMakeFiles/cmTC_38546.dir/CheckFunctionExists.c.o -o cmTC_38546  -lpthreads 
/usr/bin/ld: cannot find -lpthreads
collect2: error: ld returned 1 exit status
CMakeFiles/cmTC_38546.dir/build.make:98: recipe for target 'cmTC_38546' failed
make[1]: *** [cmTC_38546] Error 1
make[1]: Leaving directory '/home/k06/Desktop/23E/build/CMakeFiles/CMakeTmp'
Makefile:127: recipe for target 'cmTC_38546/fast' failed
make: *** [cmTC_38546/fast] Error 2



